<?xml version="1.0" encoding="UTF-8"?>
<!-- Generated by org.testng.reporters.JUnitXMLReporter -->
<testsuite hostname="lt-nkheu-mac.corp.theplatform.com" name="Command line test" tests="53" failures="0" timestamp="14 Mar 2017 23:26:23 GMT" time="1.955" errors="0">
  <testcase name="testFieldInfo" time="0.03" classname="com.theplatform.cs.comcast.ingest.field.AdFieldInfoTest"/>
  <testcase name="testNamespace" time="0.001" classname="com.theplatform.cs.comcast.ingest.field.AdFieldInfoTest"/>
  <testcase name="testAssetSpliceRecordCreation" time="0.197" classname="com.theplatform.cs.comcast.ingest.AssetSpliceRecordTest"/>
  <testcase name="testAssetSpliceRecordCreationManualPopulation" time="0.018" classname="com.theplatform.cs.comcast.ingest.AssetSpliceRecordTest"/>
  <testcase name="testAssetSpliceRecordCreation_EmptyDataRecord" time="0.007" classname="com.theplatform.cs.comcast.ingest.AssetSpliceRecordTest"/>
  <testcase name="testAssetSpliceRecordCreation_LocalMidRollEndIsNull" time="0.018" classname="com.theplatform.cs.comcast.ingest.AssetSpliceRecordTest"/>
  <testcase name="testAssetSpliceRecordCreation_MissingRecords" time="0.005" classname="com.theplatform.cs.comcast.ingest.AssetSpliceRecordTest"/>
  <testcase name="testAssetSpliceRecordCreation_NoHeader" time="0.008" classname="com.theplatform.cs.comcast.ingest.AssetSpliceRecordTest"/>
  <testcase name="testAssetSpliceRecordCreation_SpliceRangesNullCompoundString" time="0.002" classname="com.theplatform.cs.comcast.ingest.AssetSpliceRecordTest"/>
  <testcase name="testAssetSpliceRecordCreation_SpliceRangesNullDelimiter" time="0.0" classname="com.theplatform.cs.comcast.ingest.AssetSpliceRecordTest"/>
  <testcase name="testAssetSpliceRecordCreation_TimesOutOfOrder" time="0.012" classname="com.theplatform.cs.comcast.ingest.AssetSpliceRecordTest"/>
  <testcase name="testAssetSpliceRecordCreation_WithNationalConditioning" time="0.014" classname="com.theplatform.cs.comcast.ingest.AssetSpliceRecordTest"/>
  <testcase name="testAssetSpliceRecordCreation_WithWhiteSpace" time="0.008" classname="com.theplatform.cs.comcast.ingest.AssetSpliceRecordTest"/>
  <testcase name="testAssetSpliceRecordCreation_csvNullHeaderArgument" time="0.001" classname="com.theplatform.cs.comcast.ingest.AssetSpliceRecordTest"/>
  <testcase name="testAssetSpliceRecordCreation_csvNullItemArgument" time="0.0" classname="com.theplatform.cs.comcast.ingest.AssetSpliceRecordTest"/>
  <testcase name="testAssetSpliceRecordCreation_withLocal" time="0.008" classname="com.theplatform.cs.comcast.ingest.AssetSpliceRecordTest"/>
  <testcase name="testAssetSpliceRecordDeriveChapters" time="0.018" classname="com.theplatform.cs.comcast.ingest.AssetSpliceRecordTest"/>
  <testcase name="testAssetSpliceRecordDeriveChapters_NoMidRolls" time="0.004" classname="com.theplatform.cs.comcast.ingest.AssetSpliceRecordTest"/>
  <testcase name="testAssetSpliceRecordDeriveChapters_OnlyLeadBlack" time="0.004" classname="com.theplatform.cs.comcast.ingest.AssetSpliceRecordTest"/>
  <testcase name="testAssetSpliceRecordDeriveChapters_OnlyOneBadBoyInTheMiddle" time="0.005" classname="com.theplatform.cs.comcast.ingest.AssetSpliceRecordTest"/>
  <testcase name="testAssetSpliceRecordDeriveChapters_OnlyPreRoll" time="0.006" classname="com.theplatform.cs.comcast.ingest.AssetSpliceRecordTest"/>
  <testcase name="testAssetSpliceRecordDeriveChapters_PaidHasLowerCase" time="0.005" classname="com.theplatform.cs.comcast.ingest.AssetSpliceRecordTest"/>
  <testcase name="testAssetSpliceRecord_SpliceRangesCreationWithDefaultDelimiter" time="0.0" classname="com.theplatform.cs.comcast.ingest.AssetSpliceRecordTest"/>
  <testcase name="testAssetSpliceRecord_SpliceRangesCreationWithSpecifiedDelimiter" time="0.001" classname="com.theplatform.cs.comcast.ingest.AssetSpliceRecordTest"/>
  <testcase name="testAssetSpliceRecord_ZeroChapter" time="0.005" classname="com.theplatform.cs.comcast.ingest.AssetSpliceRecordTest"/>
  <testcase name="testFieldInfo" time="0.007" classname="com.theplatform.cs.comcast.ingest.field.BaseFieldInfoTest"/>
  <testcase name="testNamespace" time="0.0" classname="com.theplatform.cs.comcast.ingest.field.BaseFieldInfoTest"/>
  <testcase name="testRun" time="0.478" classname="com.theplatform.cs.comcast.ingest.script.ComcastIngestScriptClassTest"/>
  <testcase name="testGetIngestSources_Dcf" time="0.002" classname="com.theplatform.cs.comcast.ingest.script.ConfigTest"/>
  <testcase name="testBuildAssetRecords_NoDefinedMediaHelper" time="0.003" classname="com.theplatform.cs.comcast.ingest.CsvMetadataMapperTest"/>
  <testcase name="testBuildAssetRecords_NoRecords" time="0.0" classname="com.theplatform.cs.comcast.ingest.CsvMetadataMapperTest"/>
  <testcase name="testBuildAssetRecords_OnlyEmptyRecords" time="0.001" classname="com.theplatform.cs.comcast.ingest.CsvMetadataMapperTest"/>
  <testcase name="testBuildAssetRecords_WithEmptyRecords" time="0.009" classname="com.theplatform.cs.comcast.ingest.CsvMetadataMapperTest"/>
  <testcase name="testBuildAssetSpliceRecords" time="0.007" classname="com.theplatform.cs.comcast.ingest.CsvMetadataMapperTest"/>
  <testcase name="testBuildFileAsset" time="0.002" classname="com.theplatform.cs.comcast.ingest.CsvMetadataMapperTest"/>
  <testcase name="testBuildFileAsset_NoCsvDefined" time="0.0" classname="com.theplatform.cs.comcast.ingest.CsvMetadataMapperTest"/>
  <testcase name="testComposeGuid_Cox" time="0.0" classname="com.theplatform.cs.comcast.ingest.CsvMetadataMapperTest"/>
  <testcase name="testComposeGuid_NotCox" time="0.001" classname="com.theplatform.cs.comcast.ingest.CsvMetadataMapperTest"/>
  <testcase name="testMapSpliceRecordsToIngestMedia" time="0.006" classname="com.theplatform.cs.comcast.ingest.CsvMetadataMapperTest"/>
  <testcase name="testMapSpliceRecordsToIngestMedia_MDU" time="0.035" classname="com.theplatform.cs.comcast.ingest.CsvMetadataMapperTest"/>
  <testcase name="testMapSpliceRecordsToIngestMedia_MDU_BreakPointsDupe" time="0.028" classname="com.theplatform.cs.comcast.ingest.CsvMetadataMapperTest"/>
  <testcase name="testMapSpliceRecordsToIngestMedia_MDU_NullOutFields" time="0.015" classname="com.theplatform.cs.comcast.ingest.CsvMetadataMapperTest"/>
  <testcase name="testMapSpliceRecordsToIngestMedia_WithWarnings" time="0.007" classname="com.theplatform.cs.comcast.ingest.CsvMetadataMapperTest"/>
  <testcase name="formatOfTheGeneratedScriptIsValid" time="0.948" classname="com.theplatform.cs.comcast.ingest.GeneratedScriptTest"/>
  <testcase name="testFieldInfo" time="0.002" classname="com.theplatform.cs.comcast.ingest.field.ReferenceDataFieldInfoTest"/>
  <testcase name="testNamespace" time="0.0" classname="com.theplatform.cs.comcast.ingest.field.ReferenceDataFieldInfoTest"/>
  <testcase name="testSpliceRangeCreation" time="0.001" classname="com.theplatform.cs.comcast.ingest.SpliceRangeTest"/>
  <testcase name="testSpliceRangeCreation_VeryLargeValue" time="0.0" classname="com.theplatform.cs.comcast.ingest.SpliceRangeTest"/>
  <testcase name="testSpliceRangeCreation_WithGreaterThanMillisecondAccuracy" time="0.001" classname="com.theplatform.cs.comcast.ingest.SpliceRangeTest"/>
  <testcase name="testSpliceRangeCreation_WithWhiteSpace" time="0.001" classname="com.theplatform.cs.comcast.ingest.SpliceRangeTest"/>
  <testcase name="testSpliceRangeFormatValidation" time="0.001" classname="com.theplatform.cs.comcast.ingest.SpliceRangeTest"/>
  <testcase name="testSpliceRangeToDuration" time="0.0" classname="com.theplatform.cs.comcast.ingest.SpliceRangeTest"/>
  <testcase name="testSpliceRange_timesOutOfOrder" time="0.001" classname="com.theplatform.cs.comcast.ingest.SpliceRangeTest"/>
</testsuite> <!-- Command line test -->
