<?xml version="1.0" encoding="UTF-8" ?>
<testsuite tests="53" failures="0" name="TestSuite" time="1.93" errors="0" skipped="0">
  <properties>
[...]
</properties>
  <testcase classname="com.theplatform.cs.comcast.ingest.field.AdFieldInfoTest" name="testFieldInfo" time="0.031"/>
  <testcase classname="com.theplatform.cs.comcast.ingest.field.AdFieldInfoTest" name="testNamespace" time="0"/>
  <testcase classname="com.theplatform.cs.comcast.ingest.AssetSpliceRecordTest" name="testAssetSpliceRecordCreation" time="0.197"/>
  <testcase classname="com.theplatform.cs.comcast.ingest.AssetSpliceRecordTest" name="testAssetSpliceRecordCreationManualPopulation" time="0.019"/>
  <testcase classname="com.theplatform.cs.comcast.ingest.AssetSpliceRecordTest" name="testAssetSpliceRecordCreation_EmptyDataRecord" time="0.007"/>
  <testcase classname="com.theplatform.cs.comcast.ingest.AssetSpliceRecordTest" name="testAssetSpliceRecordCreation_LocalMidRollEndIsNull" time="0.019"/>
  <testcase classname="com.theplatform.cs.comcast.ingest.AssetSpliceRecordTest" name="testAssetSpliceRecordCreation_MissingRecords" time="0.005"/>
  <testcase classname="com.theplatform.cs.comcast.ingest.AssetSpliceRecordTest" name="testAssetSpliceRecordCreation_NoHeader" time="0.007"/>
  <testcase classname="com.theplatform.cs.comcast.ingest.AssetSpliceRecordTest" name="testAssetSpliceRecordCreation_SpliceRangesNullCompoundString" time="0.002"/>
  <testcase classname="com.theplatform.cs.comcast.ingest.AssetSpliceRecordTest" name="testAssetSpliceRecordCreation_SpliceRangesNullDelimiter" time="0"/>
  <testcase classname="com.theplatform.cs.comcast.ingest.AssetSpliceRecordTest" name="testAssetSpliceRecordCreation_TimesOutOfOrder" time="0.011"/>
  <testcase classname="com.theplatform.cs.comcast.ingest.AssetSpliceRecordTest" name="testAssetSpliceRecordCreation_WithNationalConditioning" time="0.014"/>
  <testcase classname="com.theplatform.cs.comcast.ingest.AssetSpliceRecordTest" name="testAssetSpliceRecordCreation_WithWhiteSpace" time="0.007"/>
  <testcase classname="com.theplatform.cs.comcast.ingest.AssetSpliceRecordTest" name="testAssetSpliceRecordCreation_csvNullHeaderArgument" time="0.001"/>
  <testcase classname="com.theplatform.cs.comcast.ingest.AssetSpliceRecordTest" name="testAssetSpliceRecordCreation_csvNullItemArgument" time="0"/>
  <testcase classname="com.theplatform.cs.comcast.ingest.AssetSpliceRecordTest" name="testAssetSpliceRecordCreation_withLocal" time="0.007"/>
  <testcase classname="com.theplatform.cs.comcast.ingest.AssetSpliceRecordTest" name="testAssetSpliceRecordDeriveChapters" time="0.019"/>
  <testcase classname="com.theplatform.cs.comcast.ingest.AssetSpliceRecordTest" name="testAssetSpliceRecordDeriveChapters_NoMidRolls" time="0.004"/>
  <testcase classname="com.theplatform.cs.comcast.ingest.AssetSpliceRecordTest" name="testAssetSpliceRecordDeriveChapters_OnlyLeadBlack" time="0.004"/>
  <testcase classname="com.theplatform.cs.comcast.ingest.AssetSpliceRecordTest" name="testAssetSpliceRecordDeriveChapters_OnlyOneBadBoyInTheMiddle" time="0.006"/>
  <testcase classname="com.theplatform.cs.comcast.ingest.AssetSpliceRecordTest" name="testAssetSpliceRecordDeriveChapters_OnlyPreRoll" time="0.006"/>
  <testcase classname="com.theplatform.cs.comcast.ingest.AssetSpliceRecordTest" name="testAssetSpliceRecordDeriveChapters_PaidHasLowerCase" time="0.005"/>
  <testcase classname="com.theplatform.cs.comcast.ingest.AssetSpliceRecordTest" name="testAssetSpliceRecord_SpliceRangesCreationWithDefaultDelimiter" time="0"/>
  <testcase classname="com.theplatform.cs.comcast.ingest.AssetSpliceRecordTest" name="testAssetSpliceRecord_SpliceRangesCreationWithSpecifiedDelimiter" time="0"/>
  <testcase classname="com.theplatform.cs.comcast.ingest.AssetSpliceRecordTest" name="testAssetSpliceRecord_ZeroChapter" time="0.004"/>
  <testcase classname="com.theplatform.cs.comcast.ingest.field.BaseFieldInfoTest" name="testFieldInfo" time="0.006"/>
  <testcase classname="com.theplatform.cs.comcast.ingest.field.BaseFieldInfoTest" name="testNamespace" time="0"/>
  <testcase classname="com.theplatform.cs.comcast.ingest.script.ComcastIngestScriptClassTest" name="testRun" time="0.479"/>
  <testcase classname="com.theplatform.cs.comcast.ingest.script.ConfigTest" name="testGetIngestSources_Dcf" time="0.003"/>
  <testcase classname="com.theplatform.cs.comcast.ingest.CsvMetadataMapperTest" name="testBuildAssetRecords_NoDefinedMediaHelper" time="0.004"/>
  <testcase classname="com.theplatform.cs.comcast.ingest.CsvMetadataMapperTest" name="testBuildAssetRecords_NoRecords" time="0.001"/>
  <testcase classname="com.theplatform.cs.comcast.ingest.CsvMetadataMapperTest" name="testBuildAssetRecords_OnlyEmptyRecords" time="0.001"/>
  <testcase classname="com.theplatform.cs.comcast.ingest.CsvMetadataMapperTest" name="testBuildAssetRecords_WithEmptyRecords" time="0.009"/>
  <testcase classname="com.theplatform.cs.comcast.ingest.CsvMetadataMapperTest" name="testBuildAssetSpliceRecords" time="0.007"/>
  <testcase classname="com.theplatform.cs.comcast.ingest.CsvMetadataMapperTest" name="testBuildFileAsset" time="0.002"/>
  <testcase classname="com.theplatform.cs.comcast.ingest.CsvMetadataMapperTest" name="testBuildFileAsset_NoCsvDefined" time="0"/>
  <testcase classname="com.theplatform.cs.comcast.ingest.CsvMetadataMapperTest" name="testComposeGuid_Cox" time="0"/>
  <testcase classname="com.theplatform.cs.comcast.ingest.CsvMetadataMapperTest" name="testComposeGuid_NotCox" time="0.001"/>
  <testcase classname="com.theplatform.cs.comcast.ingest.CsvMetadataMapperTest" name="testMapSpliceRecordsToIngestMedia" time="0.006"/>
  <testcase classname="com.theplatform.cs.comcast.ingest.CsvMetadataMapperTest" name="testMapSpliceRecordsToIngestMedia_MDU" time="0.035"/>
  <testcase classname="com.theplatform.cs.comcast.ingest.CsvMetadataMapperTest" name="testMapSpliceRecordsToIngestMedia_MDU_BreakPointsDupe" time="0.027"/>
  <testcase classname="com.theplatform.cs.comcast.ingest.CsvMetadataMapperTest" name="testMapSpliceRecordsToIngestMedia_MDU_NullOutFields" time="0.014"/>
  <testcase classname="com.theplatform.cs.comcast.ingest.CsvMetadataMapperTest" name="testMapSpliceRecordsToIngestMedia_WithWarnings" time="0.007"/>
  <testcase classname="com.theplatform.cs.comcast.ingest.GeneratedScriptTest" name="formatOfTheGeneratedScriptIsValid" time="0.947"/>
  <testcase classname="com.theplatform.cs.comcast.ingest.field.ReferenceDataFieldInfoTest" name="testFieldInfo" time="0.001"/>
  <testcase classname="com.theplatform.cs.comcast.ingest.field.ReferenceDataFieldInfoTest" name="testNamespace" time="0.001"/>
  <testcase classname="com.theplatform.cs.comcast.ingest.SpliceRangeTest" name="testSpliceRangeCreation" time="0.001"/>
  <testcase classname="com.theplatform.cs.comcast.ingest.SpliceRangeTest" name="testSpliceRangeCreation_VeryLargeValue" time="0"/>
  <testcase classname="com.theplatform.cs.comcast.ingest.SpliceRangeTest" name="testSpliceRangeCreation_WithGreaterThanMillisecondAccuracy" time="0.001"/>
  <testcase classname="com.theplatform.cs.comcast.ingest.SpliceRangeTest" name="testSpliceRangeCreation_WithWhiteSpace" time="0.001"/>
  <testcase classname="com.theplatform.cs.comcast.ingest.SpliceRangeTest" name="testSpliceRangeFormatValidation" time="0.001"/>
  <testcase classname="com.theplatform.cs.comcast.ingest.SpliceRangeTest" name="testSpliceRangeToDuration" time="0"/>
  <testcase classname="com.theplatform.cs.comcast.ingest.SpliceRangeTest" name="testSpliceRange_timesOutOfOrder" time="0"/>
</testsuite>